<?xml version="1.0" encoding="UTF-8"?>
<testsuite name="com.quickblox.qmdev.tests.LinksCheckingsOnWelcome" tests="1" skipped="1" failures="0" errors="0" timestamp="2017-02-06T11:09:18" hostname="injoits-Mac-mini.local" time="0.0">
  <properties/>
  <testcase name="checkingFooterLinks" classname="com.quickblox.qmdev.tests.LinksCheckingsOnWelcome" time="0.0">
    <skipped/>
  </testcase>
  <system-out><![CDATA[]]></system-out>
  <system-err><![CDATA[]]></system-err>
</testsuite>
